{
  "stats": {
    "suites": 1,
    "tests": 7,
    "passes": 7,
    "pending": 0,
    "failures": 0,
    "start": "2022-10-23T04:18:54.506Z",
    "end": "2022-10-23T04:18:55.674Z",
    "duration": 1168,
    "testsRegistered": 7,
    "passPercent": 100,
    "pendingPercent": 0,
    "other": 0,
    "hasOther": false,
    "skipped": 0,
    "hasSkipped": false
  },
  "results": [
    {
      "uuid": "e89ca68b-51ef-49de-8d92-606bf4f996f9",
      "title": "",
      "fullFile": "/home/aman/Github/addressBook/test/test.js",
      "file": "/test/test.js",
      "beforeHooks": [],
      "afterHooks": [],
      "tests": [],
      "suites": [
        {
          "uuid": "f987bfbc-de64-4653-b2c1-17f7693fdf04",
          "title": "Contact",
          "fullFile": "/home/aman/Github/addressBook/test/test.js",
          "file": "/test/test.js",
          "beforeHooks": [],
          "afterHooks": [],
          "tests": [
            {
              "title": "Get Searching contect with correct contact name 200 response",
              "fullTitle": "Contact Get Searching contect with correct contact name 200 response",
              "timedOut": false,
              "duration": 280,
              "state": "passed",
              "speed": "slow",
              "pass": true,
              "fail": false,
              "pending": false,
              "context": null,
              "code": "api.get('/get/name2')\n    .set('Authorization', 'Bearer ' + token)\n.expect(200, done);",
              "err": {},
              "uuid": "feaf7114-7093-45a4-aa24-fd5ec4a44769",
              "parentUUID": "f987bfbc-de64-4653-b2c1-17f7693fdf04",
              "isHook": false,
              "skipped": false
            },
            {
              "title": "Get Searching contect with wrong contact name 200 response",
              "fullTitle": "Contact Get Searching contect with wrong contact name 200 response",
              "timedOut": false,
              "duration": 92,
              "state": "passed",
              "speed": "slow",
              "pass": true,
              "fail": false,
              "pending": false,
              "context": null,
              "code": "api.get('/get/wrongname')\n    .set('Authorization', 'Bearer ' + token)\n.expect(400, done);",
              "err": {},
              "uuid": "bcd1cd95-7c13-4e07-b2e6-42c3a3595d8d",
              "parentUUID": "f987bfbc-de64-4653-b2c1-17f7693fdf04",
              "isHook": false,
              "skipped": false
            },
            {
              "title": "Get getting all contact list 200 response",
              "fullTitle": "Contact Get getting all contact list 200 response",
              "timedOut": false,
              "duration": 95,
              "state": "passed",
              "speed": "slow",
              "pass": true,
              "fail": false,
              "pending": false,
              "context": null,
              "code": "api.get('/list')\n    .set('Authorization', 'Bearer ' + token)\n.expect(200, done);",
              "err": {},
              "uuid": "9f773b73-1ff1-4fc4-8c37-3c3a1d0e8d16",
              "parentUUID": "f987bfbc-de64-4653-b2c1-17f7693fdf04",
              "isHook": false,
              "skipped": false
            },
            {
              "title": "Get searching contact from some initials of name 200 response",
              "fullTitle": "Contact Get searching contact from some initials of name 200 response",
              "timedOut": false,
              "duration": 92,
              "state": "passed",
              "speed": "slow",
              "pass": true,
              "fail": false,
              "pending": false,
              "context": null,
              "code": "api.get('/search/name')\n    .set('Authorization', 'Bearer ' + token)\n.expect(200, done);",
              "err": {},
              "uuid": "030355bc-9bfd-45f3-9b35-20d3b7754832",
              "parentUUID": "f987bfbc-de64-4653-b2c1-17f7693fdf04",
              "isHook": false,
              "skipped": false
            },
            {
              "title": "POST Add contact 200 response",
              "fullTitle": "Contact POST Add contact 200 response",
              "timedOut": false,
              "duration": 248,
              "state": "passed",
              "speed": "slow",
              "pass": true,
              "fail": false,
              "pending": false,
              "context": null,
              "code": "api.post('/add')\n    .set('Authorization', 'Bearer ' + token)\n\t    .send({\n    name:\"johndoe\",\n        email:\"john.doe@gmail.com\",\n        phone:\"123456\",\n        address:\"john doe address\",\n\t    })\n\t    .expect(200,done);",
              "err": {},
              "uuid": "81815dad-cb7b-4814-8653-e611b432e353",
              "parentUUID": "f987bfbc-de64-4653-b2c1-17f7693fdf04",
              "isHook": false,
              "skipped": false
            },
            {
              "title": "PUT update contact 200 response",
              "fullTitle": "Contact PUT update contact 200 response",
              "timedOut": false,
              "duration": 237,
              "state": "passed",
              "speed": "slow",
              "pass": true,
              "fail": false,
              "pending": false,
              "context": null,
              "code": "api.put('/update/johndoe')\n    .set('Authorization', 'Bearer ' + token)\n\t    .send({\n    name:\"johndoe\",\n        email:\"john.doe1@gmail.com\",\n        phone:\"1234561\",\n        address:\"john1 doe address\",\n\t    })\n\t    .expect(200,done);",
              "err": {},
              "uuid": "d85be28e-dac7-494f-b089-d22dcec601ab",
              "parentUUID": "f987bfbc-de64-4653-b2c1-17f7693fdf04",
              "isHook": false,
              "skipped": false
            },
            {
              "title": "DELETE delete contact 200 response",
              "fullTitle": "Contact DELETE delete contact 200 response",
              "timedOut": false,
              "duration": 115,
              "state": "passed",
              "speed": "slow",
              "pass": true,
              "fail": false,
              "pending": false,
              "context": null,
              "code": "api.delete('/delete/johndoe')\n    .set('Authorization', 'Bearer ' + token)\n\t    .expect(200,done);",
              "err": {},
              "uuid": "9f19d6e6-13b9-4dd3-a909-1cef5eeffa8b",
              "parentUUID": "f987bfbc-de64-4653-b2c1-17f7693fdf04",
              "isHook": false,
              "skipped": false
            }
          ],
          "suites": [],
          "passes": [
            "feaf7114-7093-45a4-aa24-fd5ec4a44769",
            "bcd1cd95-7c13-4e07-b2e6-42c3a3595d8d",
            "9f773b73-1ff1-4fc4-8c37-3c3a1d0e8d16",
            "030355bc-9bfd-45f3-9b35-20d3b7754832",
            "81815dad-cb7b-4814-8653-e611b432e353",
            "d85be28e-dac7-494f-b089-d22dcec601ab",
            "9f19d6e6-13b9-4dd3-a909-1cef5eeffa8b"
          ],
          "failures": [],
          "pending": [],
          "skipped": [],
          "duration": 1159,
          "root": false,
          "rootEmpty": false,
          "_timeout": 2000
        }
      ],
      "passes": [],
      "failures": [],
      "pending": [],
      "skipped": [],
      "duration": 0,
      "root": true,
      "rootEmpty": true,
      "_timeout": 2000
    }
  ],
  "meta": {
    "mocha": {
      "version": "10.1.0"
    },
    "mochawesome": {
      "options": {
        "quiet": false,
        "reportFilename": "mochawesome",
        "saveHtml": true,
        "saveJson": true,
        "consoleReporter": "spec",
        "useInlineDiffs": false,
        "code": true
      },
      "version": "7.1.3"
    },
    "marge": {
      "options": null,
      "version": "6.2.0"
    }
  }
}